<?xml version="1.0" encoding="UTF-8"?>
<testng-results skipped="0" failed="0" ignored="0" total="1" passed="1">
  <reporter-output>
  </reporter-output>
  <suite name="Default suite" duration-ms="37998" started-at="2017-04-03T05:24:16Z" finished-at="2017-04-03T05:24:54Z">
    <groups>
    </groups>
    <test name="Default test" duration-ms="37998" started-at="2017-04-03T05:24:16Z" finished-at="2017-04-03T05:24:54Z">
      <class name="demo.Open">
        <test-method status="PASS" signature="openBrowser()[pri:0, instance:demo.Open@1fa1d9b]" name="openBrowser" is-config="true" duration-ms="36874" started-at="2017-04-03T10:54:16Z" finished-at="2017-04-03T10:54:53Z">
          <reporter-output>
          </reporter-output>
        </test-method> <!-- openBrowser -->
        <test-method status="PASS" signature="titleVerification()[pri:0, instance:demo.Open@1fa1d9b]" name="titleVerification" duration-ms="26" started-at="2017-04-03T10:54:53Z" finished-at="2017-04-03T10:54:53Z">
          <reporter-output>
          </reporter-output>
        </test-method> <!-- titleVerification -->
        <test-method status="PASS" signature="closeBrowser()[pri:0, instance:demo.Open@1fa1d9b]" name="closeBrowser" is-config="true" duration-ms="1064" started-at="2017-04-03T10:54:53Z" finished-at="2017-04-03T10:54:54Z">
          <reporter-output>
          </reporter-output>
        </test-method> <!-- closeBrowser -->
      </class> <!-- demo.Open -->
    </test> <!-- Default test -->
  </suite> <!-- Default suite -->
</testng-results>
